# JRE version: Java(TM) SE Runtime Environment (8.0_121-b13) (build 1.8.0_121-b13)
# Java VM: Java HotSpot(TM) 64-Bit Server VM (25.121-b13 mixed mode windows-amd64 compressed oops)
Heap:
 PSYoungGen      total 222720K, used 41065K [0x00000000eb180000, 0x00000000faf80000, 0x0000000100000000)
  eden space 188928K, 6% used [0x00000000eb180000,0x00000000ebd4c3e8,0x00000000f6a00000)
  from space 33792K, 85% used [0x00000000f6a00000,0x00000000f864e218,0x00000000f8b00000)
  to   space 30208K, 0% used [0x00000000f8b00000,0x00000000f8b00000,0x00000000fa880000)
 ParOldGen       total 95744K, used 53025K [0x00000000c1400000, 0x00000000c7180000, 0x00000000eb180000)
  object space 95744K, 55% used [0x00000000c1400000,0x00000000c47c85c8,0x00000000c7180000)
 Metaspace       used 33887K, capacity 34422K, committed 34560K, reserved 1079296K
  class space    used 4072K, capacity 4273K, committed 4352K, reserved 1048576K
GC Heap History (10 events):
Event: 73.866 GC heap before
{Heap before GC invocations=11 (full 1):
 PSYoungGen      total 139776K, used 139767K [0x00000000eb180000, 0x00000000f7e80000, 0x0000000100000000)
  eden space 127488K, 100% used [0x00000000eb180000,0x00000000f2e00000,0x00000000f2e00000)
  from space 12288K, 99% used [0x00000000f2e00000,0x00000000f39fddb0,0x00000000f3a00000)
  to   space 17408K, 0% used [0x00000000f6d80000,0x00000000f6d80000,0x00000000f7e80000)
 ParOldGen       total 45056K, used 25466K [0x00000000c1400000, 0x00000000c4000000, 0x00000000eb180000)
  object space 45056K, 56% used [0x00000000c1400000,0x00000000c2cdea48,0x00000000c4000000)
 Metaspace       used 28869K, capacity 29326K, committed 29440K, reserved 1075200K
  class space    used 3414K, capacity 3555K, committed 3584K, reserved 1048576K
Event: 74.052 GC heap after
Heap after GC invocations=11 (full 1):
 PSYoungGen      total 184832K, used 17389K [0x00000000eb180000, 0x00000000f9600000, 0x0000000100000000)
  eden space 167424K, 0% used [0x00000000eb180000,0x00000000eb180000,0x00000000f5500000)
  from space 17408K, 99% used [0x00000000f6d80000,0x00000000f7e7b5c8,0x00000000f7e80000)
  to   space 25088K, 0% used [0x00000000f5500000,0x00000000f5500000,0x00000000f6d80000)
 ParOldGen       total 45056K, used 38826K [0x00000000c1400000, 0x00000000c4000000, 0x00000000eb180000)
  object space 45056K, 86% used [0x00000000c1400000,0x00000000c39ea808,0x00000000c4000000)
 Metaspace       used 28869K, capacity 29326K, committed 29440K, reserved 1075200K
  class space    used 3414K, capacity 3555K, committed 3584K, reserved 1048576K
}
Event: 74.055 GC heap before
{Heap before GC invocations=12 (full 2):
 PSYoungGen      total 184832K, used 17389K [0x00000000eb180000, 0x00000000f9600000, 0x0000000100000000)
  eden space 167424K, 0% used [0x00000000eb180000,0x00000000eb180000,0x00000000f5500000)
  from space 17408K, 99% used [0x00000000f6d80000,0x00000000f7e7b5c8,0x00000000f7e80000)
  to   space 25088K, 0% used [0x00000000f5500000,0x00000000f5500000,0x00000000f6d80000)
 ParOldGen       total 45056K, used 38826K [0x00000000c1400000, 0x00000000c4000000, 0x00000000eb180000)
  object space 45056K, 86% used [0x00000000c1400000,0x00000000c39ea808,0x00000000c4000000)
 Metaspace       used 28869K, capacity 29326K, committed 29440K, reserved 1075200K
  class space    used 3414K, capacity 3555K, committed 3584K, reserved 1048576K
Event: 76.394 GC heap after
Heap after GC invocations=12 (full 2):
 PSYoungGen      total 184832K, used 0K [0x00000000eb180000, 0x00000000f9600000, 0x0000000100000000)
  eden space 167424K, 0% used [0x00000000eb180000,0x00000000eb180000,0x00000000f5500000)
  from space 17408K, 0% used [0x00000000f6d80000,0x00000000f6d80000,0x00000000f7e80000)
  to   space 25088K, 0% used [0x00000000f5500000,0x00000000f5500000,0x00000000f6d80000)
 ParOldGen       total 95744K, used 45030K [0x00000000c1400000, 0x00000000c7180000, 0x00000000eb180000)
  object space 95744K, 47% used [0x00000000c1400000,0x00000000c3ff9b48,0x00000000c7180000)
 Metaspace       used 28869K, capacity 29326K, committed 29440K, reserved 1075200K
  class space    used 3414K, capacity 3555K, committed 3584K, reserved 1048576K
}
Event: 90.899 GC heap before
{Heap before GC invocations=13 (full 2):
 PSYoungGen      total 184832K, used 167424K [0x00000000eb180000, 0x00000000f9600000, 0x0000000100000000)
  eden space 167424K, 100% used [0x00000000eb180000,0x00000000f5500000,0x00000000f5500000)
  from space 17408K, 0% used [0x00000000f6d80000,0x00000000f6d80000,0x00000000f7e80000)
  to   space 25088K, 0% used [0x00000000f5500000,0x00000000f5500000,0x00000000f6d80000)
 ParOldGen       total 95744K, used 45030K [0x00000000c1400000, 0x00000000c7180000, 0x00000000eb180000)
  object space 95744K, 47% used [0x00000000c1400000,0x00000000c3ff9b48,0x00000000c7180000)
 Metaspace       used 28873K, capacity 29358K, committed 29568K, reserved 1075200K
  class space    used 3416K, capacity 3587K, committed 3712K, reserved 1048576K
Event: 90.993 GC heap after
Heap after GC invocations=13 (full 2):
 PSYoungGen      total 192512K, used 25060K [0x00000000eb180000, 0x00000000fa880000, 0x0000000100000000)
  eden space 167424K, 0% used [0x00000000eb180000,0x00000000eb180000,0x00000000f5500000)
  from space 25088K, 99% used [0x00000000f5500000,0x00000000f6d79000,0x00000000f6d80000)
  to   space 30208K, 0% used [0x00000000f8b00000,0x00000000f8b00000,0x00000000fa880000)
 ParOldGen       total 95744K, used 47941K [0x00000000c1400000, 0x00000000c7180000, 0x00000000eb180000)
  object space 95744K, 50% used [0x00000000c1400000,0x00000000c42d1438,0x00000000c7180000)
 Metaspace       used 28873K, capacity 29358K, committed 29568K, reserved 1075200K
  class space    used 3416K, capacity 3587K, committed 3712K, reserved 1048576K
}
Event: 94.878 GC heap before
{Heap before GC invocations=14 (full 2):
 PSYoungGen      total 192512K, used 192484K [0x00000000eb180000, 0x00000000fa880000, 0x0000000100000000)
  eden space 167424K, 100% used [0x00000000eb180000,0x00000000f5500000,0x00000000f5500000)
  from space 25088K, 99% used [0x00000000f5500000,0x00000000f6d79000,0x00000000f6d80000)
  to   space 30208K, 0% used [0x00000000f8b00000,0x00000000f8b00000,0x00000000fa880000)
 ParOldGen       total 95744K, used 47941K [0x00000000c1400000, 0x00000000c7180000, 0x00000000eb180000)
  object space 95744K, 50% used [0x00000000c1400000,0x00000000c42d1438,0x00000000c7180000)
 Metaspace       used 28878K, capacity 29358K, committed 29568K, reserved 1075200K
  class space    used 3416K, capacity 3587K, committed 3712K, reserved 1048576K
Event: 94.939 GC heap after
Heap after GC invocations=14 (full 2):
 PSYoungGen      total 219136K, used 26394K [0x00000000eb180000, 0x00000000faf80000, 0x0000000100000000)
  eden space 188928K, 0% used [0x00000000eb180000,0x00000000eb180000,0x00000000f6a00000)
  from space 30208K, 87% used [0x00000000f8b00000,0x00000000fa4c68c0,0x00000000fa880000)
  to   space 33792K, 0% used [0x00000000f6a00000,0x00000000f6a00000,0x00000000f8b00000)
 ParOldGen       total 95744K, used 53017K [0x00000000c1400000, 0x00000000c7180000, 0x00000000eb180000)
  object space 95744K, 55% used [0x00000000c1400000,0x00000000c47c65c8,0x00000000c7180000)
 Metaspace       used 28878K, capacity 29358K, committed 29568K, reserved 1075200K
  class space    used 3416K, capacity 3587K, committed 3712K, reserved 1048576K
}
Event: 165.612 GC heap before
{Heap before GC invocations=15 (full 2):
 PSYoungGen      total 219136K, used 215322K [0x00000000eb180000, 0x00000000faf80000, 0x0000000100000000)
  eden space 188928K, 100% used [0x00000000eb180000,0x00000000f6a00000,0x00000000f6a00000)
  from space 30208K, 87% used [0x00000000f8b00000,0x00000000fa4c68c0,0x00000000fa880000)
  to   space 33792K, 0% used [0x00000000f6a00000,0x00000000f6a00000,0x00000000f8b00000)
 ParOldGen       total 95744K, used 53017K [0x00000000c1400000, 0x00000000c7180000, 0x00000000eb180000)
  object space 95744K, 55% used [0x00000000c1400000,0x00000000c47c65c8,0x00000000c7180000)
 Metaspace       used 33006K, capacity 33558K, committed 33664K, reserved 1079296K
  class space    used 3967K, capacity 4177K, committed 4224K, reserved 1048576K
Event: 168.788 GC heap after
Heap after GC invocations=15 (full 2):
 PSYoungGen      total 222720K, used 28984K [0x00000000eb180000, 0x00000000faf80000, 0x0000000100000000)
  eden space 188928K, 0% used [0x00000000eb180000,0x00000000eb180000,0x00000000f6a00000)
  from space 33792K, 85% used [0x00000000f6a00000,0x00000000f864e218,0x00000000f8b00000)
  to   space 30208K, 0% used [0x00000000f8b00000,0x00000000f8b00000,0x00000000fa880000)
 ParOldGen       total 95744K, used 53025K [0x00000000c1400000, 0x00000000c7180000, 0x00000000eb180000)
  object space 95744K, 55% used [0x00000000c1400000,0x00000000c47c85c8,0x00000000c7180000)
 Metaspace       used 33006K, capacity 33558K, committed 33664K, reserved 1079296K
  class space    used 3967K, capacity 4177K, committed 4224K, reserved 1048576K
}

