# JRE version: Java(TM) SE Runtime Environment (8.0_121-b13) (build 1.8.0_121-b13)
# Java VM: Java HotSpot(TM) 64-Bit Server VM (25.121-b13 mixed mode windows-amd64 compressed oops)
Heap:
 PSYoungGen      total 94720K, used 76309K [0x00000000eb180000, 0x00000000f4080000, 0x0000000100000000)
  eden space 78336K, 97% used [0x00000000eb180000,0x00000000efc05500,0x00000000efe00000)
  from space 16384K, 0% used [0x00000000efe00000,0x00000000efe00000,0x00000000f0e00000)
  to   space 17408K, 0% used [0x00000000f2f80000,0x00000000f2f80000,0x00000000f4080000)
 ParOldGen       total 82432K, used 37590K [0x00000000c1400000, 0x00000000c6480000, 0x00000000eb180000)
  object space 82432K, 45% used [0x00000000c1400000,0x00000000c38b5878,0x00000000c6480000)
 Metaspace       used 28955K, capacity 29538K, committed 29696K, reserved 1075200K
  class space    used 3406K, capacity 3584K, committed 3584K, reserved 1048576K
GC Heap History (10 events):
Event: 25.989 GC heap before
{Heap before GC invocations=9 (full 1):
 PSYoungGen      total 69632K, used 8508K [0x00000000eb180000, 0x00000000f0100000, 0x0000000100000000)
  eden space 60928K, 0% used [0x00000000eb180000,0x00000000eb180000,0x00000000eed00000)
  from space 8704K, 97% used [0x00000000ef880000,0x00000000f00cf0b0,0x00000000f0100000)
  to   space 10240K, 0% used [0x00000000eed00000,0x00000000eed00000,0x00000000ef700000)
 ParOldGen       total 44032K, used 12417K [0x00000000c1400000, 0x00000000c3f00000, 0x00000000eb180000)
  object space 44032K, 28% used [0x00000000c1400000,0x00000000c2020720,0x00000000c3f00000)
 Metaspace       used 20676K, capacity 21050K, committed 21296K, reserved 1069056K
  class space    used 2481K, capacity 2585K, committed 2688K, reserved 1048576K
Event: 26.110 GC heap after
Heap after GC invocations=9 (full 1):
 PSYoungGen      total 69632K, used 0K [0x00000000eb180000, 0x00000000f0100000, 0x0000000100000000)
  eden space 60928K, 0% used [0x00000000eb180000,0x00000000eb180000,0x00000000eed00000)
  from space 8704K, 0% used [0x00000000ef880000,0x00000000ef880000,0x00000000f0100000)
  to   space 10240K, 0% used [0x00000000eed00000,0x00000000eed00000,0x00000000ef700000)
 ParOldGen       total 39424K, used 11740K [0x00000000c1400000, 0x00000000c3a80000, 0x00000000eb180000)
  object space 39424K, 29% used [0x00000000c1400000,0x00000000c1f771c0,0x00000000c3a80000)
 Metaspace       used 20676K, capacity 21050K, committed 21296K, reserved 1069056K
  class space    used 2481K, capacity 2585K, committed 2688K, reserved 1048576K
}
Event: 35.830 GC heap before
{Heap before GC invocations=10 (full 1):
 PSYoungGen      total 69632K, used 60928K [0x00000000eb180000, 0x00000000f0100000, 0x0000000100000000)
  eden space 60928K, 100% used [0x00000000eb180000,0x00000000eed00000,0x00000000eed00000)
  from space 8704K, 0% used [0x00000000ef880000,0x00000000ef880000,0x00000000f0100000)
  to   space 10240K, 0% used [0x00000000eed00000,0x00000000eed00000,0x00000000ef700000)
 ParOldGen       total 39424K, used 11740K [0x00000000c1400000, 0x00000000c3a80000, 0x00000000eb180000)
  object space 39424K, 29% used [0x00000000c1400000,0x00000000c1f771c0,0x00000000c3a80000)
 Metaspace       used 22686K, capacity 23130K, committed 23296K, reserved 1069056K
  class space    used 2674K, capacity 2809K, committed 2816K, reserved 1048576K
Event: 35.845 GC heap after
Heap after GC invocations=10 (full 1):
 PSYoungGen      total 71168K, used 10224K [0x00000000eb180000, 0x00000000f1a80000, 0x0000000100000000)
  eden space 60928K, 0% used [0x00000000eb180000,0x00000000eb180000,0x00000000eed00000)
  from space 10240K, 99% used [0x00000000eed00000,0x00000000ef6fc2b0,0x00000000ef700000)
  to   space 12800K, 0% used [0x00000000f0e00000,0x00000000f0e00000,0x00000000f1a80000)
 ParOldGen       total 39424K, used 14983K [0x00000000c1400000, 0x00000000c3a80000, 0x00000000eb180000)
  object space 39424K, 38% used [0x00000000c1400000,0x00000000c22a1ee0,0x00000000c3a80000)
 Metaspace       used 22686K, capacity 23130K, committed 23296K, reserved 1069056K
  class space    used 2674K, capacity 2809K, committed 2816K, reserved 1048576K
}
Event: 40.347 GC heap before
{Heap before GC invocations=11 (full 1):
 PSYoungGen      total 71168K, used 71152K [0x00000000eb180000, 0x00000000f1a80000, 0x0000000100000000)
  eden space 60928K, 100% used [0x00000000eb180000,0x00000000eed00000,0x00000000eed00000)
  from space 10240K, 99% used [0x00000000eed00000,0x00000000ef6fc2b0,0x00000000ef700000)
  to   space 12800K, 0% used [0x00000000f0e00000,0x00000000f0e00000,0x00000000f1a80000)
 ParOldGen       total 39424K, used 14983K [0x00000000c1400000, 0x00000000c3a80000, 0x00000000eb180000)
  object space 39424K, 38% used [0x00000000c1400000,0x00000000c22a1ee0,0x00000000c3a80000)
 Metaspace       used 28675K, capacity 29314K, committed 29440K, reserved 1075200K
  class space    used 3388K, capacity 3552K, committed 3584K, reserved 1048576K
Event: 40.387 GC heap after
Heap after GC invocations=11 (full 1):
 PSYoungGen      total 91136K, used 12771K [0x00000000eb180000, 0x00000000f2280000, 0x0000000100000000)
  eden space 78336K, 0% used [0x00000000eb180000,0x00000000eb180000,0x00000000efe00000)
  from space 12800K, 99% used [0x00000000f0e00000,0x00000000f1a78dc0,0x00000000f1a80000)
  to   space 16384K, 0% used [0x00000000efe00000,0x00000000efe00000,0x00000000f0e00000)
 ParOldGen       total 39424K, used 20114K [0x00000000c1400000, 0x00000000c3a80000, 0x00000000eb180000)
  object space 39424K, 51% used [0x00000000c1400000,0x00000000c27a4920,0x00000000c3a80000)
 Metaspace       used 28675K, capacity 29314K, committed 29440K, reserved 1075200K
  class space    used 3388K, capacity 3552K, committed 3584K, reserved 1048576K
}
Event: 42.617 GC heap before
{Heap before GC invocations=12 (full 1):
 PSYoungGen      total 91136K, used 91107K [0x00000000eb180000, 0x00000000f2280000, 0x0000000100000000)
  eden space 78336K, 100% used [0x00000000eb180000,0x00000000efe00000,0x00000000efe00000)
  from space 12800K, 99% used [0x00000000f0e00000,0x00000000f1a78dc0,0x00000000f1a80000)
  to   space 16384K, 0% used [0x00000000efe00000,0x00000000efe00000,0x00000000f0e00000)
 ParOldGen       total 39424K, used 20114K [0x00000000c1400000, 0x00000000c3a80000, 0x00000000eb180000)
  object space 39424K, 51% used [0x00000000c1400000,0x00000000c27a4920,0x00000000c3a80000)
 Metaspace       used 28955K, capacity 29538K, committed 29696K, reserved 1075200K
  class space    used 3406K, capacity 3584K, committed 3584K, reserved 1048576K
Event: 42.671 GC heap after
Heap after GC invocations=12 (full 1):
 PSYoungGen      total 94720K, used 13188K [0x00000000eb180000, 0x00000000f4080000, 0x0000000100000000)
  eden space 78336K, 0% used [0x00000000eb180000,0x00000000eb180000,0x00000000efe00000)
  from space 16384K, 80% used [0x00000000efe00000,0x00000000f0ae1278,0x00000000f0e00000)
  to   space 17408K, 0% used [0x00000000f2f80000,0x00000000f2f80000,0x00000000f4080000)
 ParOldGen       total 39424K, used 32856K [0x00000000c1400000, 0x00000000c3a80000, 0x00000000eb180000)
  object space 39424K, 83% used [0x00000000c1400000,0x00000000c34161f0,0x00000000c3a80000)
 Metaspace       used 28955K, capacity 29538K, committed 29696K, reserved 1075200K
  class space    used 3406K, capacity 3584K, committed 3584K, reserved 1048576K
}
Event: 42.671 GC heap before
{Heap before GC invocations=13 (full 2):
 PSYoungGen      total 94720K, used 13188K [0x00000000eb180000, 0x00000000f4080000, 0x0000000100000000)
  eden space 78336K, 0% used [0x00000000eb180000,0x00000000eb180000,0x00000000efe00000)
  from space 16384K, 80% used [0x00000000efe00000,0x00000000f0ae1278,0x00000000f0e00000)
  to   space 17408K, 0% used [0x00000000f2f80000,0x00000000f2f80000,0x00000000f4080000)
 ParOldGen       total 39424K, used 32856K [0x00000000c1400000, 0x00000000c3a80000, 0x00000000eb180000)
  object space 39424K, 83% used [0x00000000c1400000,0x00000000c34161f0,0x00000000c3a80000)
 Metaspace       used 28955K, capacity 29538K, committed 29696K, reserved 1075200K
  class space    used 3406K, capacity 3584K, committed 3584K, reserved 1048576K
Event: 42.972 GC heap after
Heap after GC invocations=13 (full 2):
 PSYoungGen      total 94720K, used 0K [0x00000000eb180000, 0x00000000f4080000, 0x0000000100000000)
  eden space 78336K, 0% used [0x00000000eb180000,0x00000000eb180000,0x00000000efe00000)
  from space 16384K, 0% used [0x00000000efe00000,0x00000000efe00000,0x00000000f0e00000)
  to   space 17408K, 0% used [0x00000000f2f80000,0x00000000f2f80000,0x00000000f4080000)
 ParOldGen       total 82432K, used 37590K [0x00000000c1400000, 0x00000000c6480000, 0x00000000eb180000)
  object space 82432K, 45% used [0x00000000c1400000,0x00000000c38b5878,0x00000000c6480000)
 Metaspace       used 28955K, capacity 29538K, committed 29696K, reserved 1075200K
  class space    used 3406K, capacity 3584K, committed 3584K, reserved 1048576K
}

